<?xml version="1.0" encoding="utf-8"?><test-results date="2019-10-02" name="Expecto.Tests" total="1" errors="0" failures="0" ignored="0" not-run="0" inconclusive="0" skipped="0" invalid="0" time="15:28:19"><environment expecto-version="8.12.0" clr-version="4.0.30319.42000" os-version="Microsoft Windows NT 10.0.16299.0" platform="Linux" cwd="C:\Users\dmitry.ivanov\fs\Divanov.Prelude" machine-name="FRIDFWKS104651" user="dmitry.ivanov" user-domain="EMEA" /><culture-info current-culture="en-US" current-uiculture="en-US" /><test-suite type="Assembly" name="Expecto.Tests" executed="True" result="Success" success="True" time="0.363" asserts="0"><results><test-case name="async/racing wait times" executed="True" result="Success" success="True" time="0.110" asserts="0" /></results></test-suite></test-results>